# JRE version: OpenJDK Runtime Environment (11.0.13) (build 11.0.13+0-b1751.21-8125866)
# Java VM: OpenJDK 64-Bit Server VM (11.0.13+0-b1751.21-8125866, mixed mode, tiered, compressed oops, g1 gc, windows-amd64)
Heap:
 garbage-first heap   total 516096K, used 312320K [0x0000000080000000, 0x0000000100000000)
  region size 1024K, 39 young (39936K), 9 survivors (9216K)
 Metaspace       used 135773K, capacity 139770K, committed 139952K, reserved 1171456K
  class space    used 16867K, capacity 18372K, committed 18448K, reserved 1048576K
GC Heap History (20 events):
Event: 284.013 GC heap before
{Heap before GC invocations=100 (full 0):
 garbage-first heap   total 449536K, used 344706K [0x0000000080000000, 0x0000000100000000)
  region size 1024K, 158 young (161792K), 2 survivors (2048K)
 Metaspace       used 135525K, capacity 139540K, committed 139696K, reserved 1171456K
  class space    used 16854K, capacity 18353K, committed 18448K, reserved 1048576K
}
Event: 284.031 GC heap after
{Heap after GC invocations=101 (full 0):
 garbage-first heap   total 516096K, used 185259K [0x0000000080000000, 0x0000000100000000)
  region size 1024K, 3 young (3072K), 3 survivors (3072K)
 Metaspace       used 135525K, capacity 139540K, committed 139696K, reserved 1171456K
  class space    used 16854K, capacity 18353K, committed 18448K, reserved 1048576K
}
Event: 287.055 GC heap before
{Heap before GC invocations=101 (full 0):
 garbage-first heap   total 516096K, used 388011K [0x0000000080000000, 0x0000000100000000)
  region size 1024K, 201 young (205824K), 3 survivors (3072K)
 Metaspace       used 135529K, capacity 139541K, committed 139696K, reserved 1171456K
  class space    used 16854K, capacity 18353K, committed 18448K, reserved 1048576K
}
Event: 287.072 GC heap after
{Heap after GC invocations=102 (full 0):
 garbage-first heap   total 516096K, used 187363K [0x0000000080000000, 0x0000000100000000)
  region size 1024K, 5 young (5120K), 5 survivors (5120K)
 Metaspace       used 135529K, capacity 139541K, committed 139696K, reserved 1171456K
  class space    used 16854K, capacity 18353K, committed 18448K, reserved 1048576K
}
Event: 289.894 GC heap before
{Heap before GC invocations=102 (full 0):
 garbage-first heap   total 516096K, used 400355K [0x0000000080000000, 0x0000000100000000)
  region size 1024K, 213 young (218112K), 5 survivors (5120K)
 Metaspace       used 135535K, capacity 139541K, committed 139696K, reserved 1171456K
  class space    used 16854K, capacity 18353K, committed 18448K, reserved 1048576K
}
Event: 289.912 GC heap after
{Heap after GC invocations=103 (full 0):
 garbage-first heap   total 516096K, used 189227K [0x0000000080000000, 0x0000000100000000)
  region size 1024K, 7 young (7168K), 7 survivors (7168K)
 Metaspace       used 135535K, capacity 139541K, committed 139696K, reserved 1171456K
  class space    used 16854K, capacity 18353K, committed 18448K, reserved 1048576K
}
Event: 293.807 GC heap before
{Heap before GC invocations=103 (full 0):
 garbage-first heap   total 516096K, used 414507K [0x0000000080000000, 0x0000000100000000)
  region size 1024K, 223 young (228352K), 7 survivors (7168K)
 Metaspace       used 135619K, capacity 139571K, committed 139696K, reserved 1171456K
  class space    used 16855K, capacity 18353K, committed 18448K, reserved 1048576K
}
Event: 293.831 GC heap after
{Heap after GC invocations=104 (full 0):
 garbage-first heap   total 516096K, used 193033K [0x0000000080000000, 0x0000000100000000)
  region size 1024K, 11 young (11264K), 11 survivors (11264K)
 Metaspace       used 135619K, capacity 139571K, committed 139696K, reserved 1171456K
  class space    used 16855K, capacity 18353K, committed 18448K, reserved 1048576K
}
Event: 296.018 GC heap before
{Heap before GC invocations=104 (full 0):
 garbage-first heap   total 516096K, used 437769K [0x0000000080000000, 0x0000000100000000)
  region size 1024K, 242 young (247808K), 11 survivors (11264K)
 Metaspace       used 135685K, capacity 139671K, committed 139952K, reserved 1171456K
  class space    used 16862K, capacity 18364K, committed 18448K, reserved 1048576K
}
Event: 296.053 GC heap after
{Heap after GC invocations=105 (full 0):
 garbage-first heap   total 516096K, used 200939K [0x0000000080000000, 0x0000000100000000)
  region size 1024K, 18 young (18432K), 18 survivors (18432K)
 Metaspace       used 135685K, capacity 139671K, committed 139952K, reserved 1171456K
  class space    used 16862K, capacity 18364K, committed 18448K, reserved 1048576K
}
Event: 298.370 GC heap before
{Heap before GC invocations=105 (full 0):
 garbage-first heap   total 516096K, used 442603K [0x0000000080000000, 0x0000000100000000)
  region size 1024K, 250 young (256000K), 18 survivors (18432K)
 Metaspace       used 135731K, capacity 139700K, committed 139952K, reserved 1171456K
  class space    used 16866K, capacity 18371K, committed 18448K, reserved 1048576K
}
Event: 298.407 GC heap after
{Heap after GC invocations=106 (full 0):
 garbage-first heap   total 516096K, used 206631K [0x0000000080000000, 0x0000000100000000)
  region size 1024K, 22 young (22528K), 22 survivors (22528K)
 Metaspace       used 135731K, capacity 139700K, committed 139952K, reserved 1171456K
  class space    used 16866K, capacity 18371K, committed 18448K, reserved 1048576K
}
Event: 300.168 GC heap before
{Heap before GC invocations=106 (full 0):
 garbage-first heap   total 516096K, used 427815K [0x0000000080000000, 0x0000000100000000)
  region size 1024K, 237 young (242688K), 22 survivors (22528K)
 Metaspace       used 135749K, capacity 139704K, committed 139952K, reserved 1171456K
  class space    used 16866K, capacity 18372K, committed 18448K, reserved 1048576K
}
Event: 300.241 GC heap after
{Heap after GC invocations=107 (full 0):
 garbage-first heap   total 516096K, used 230283K [0x0000000080000000, 0x0000000100000000)
  region size 1024K, 30 young (30720K), 30 survivors (30720K)
 Metaspace       used 135749K, capacity 139704K, committed 139952K, reserved 1171456K
  class space    used 16866K, capacity 18372K, committed 18448K, reserved 1048576K
}
Event: 301.389 GC heap before
{Heap before GC invocations=107 (full 0):
 garbage-first heap   total 516096K, used 413579K [0x0000000080000000, 0x0000000100000000)
  region size 1024K, 209 young (214016K), 30 survivors (30720K)
 Metaspace       used 135760K, capacity 139768K, committed 139952K, reserved 1171456K
  class space    used 16867K, capacity 18372K, committed 18448K, reserved 1048576K
}
Event: 301.497 GC heap after
{Heap after GC invocations=108 (full 0):
 garbage-first heap   total 516096K, used 253440K [0x0000000080000000, 0x0000000100000000)
  region size 1024K, 27 young (27648K), 27 survivors (27648K)
 Metaspace       used 135760K, capacity 139768K, committed 139952K, reserved 1171456K
  class space    used 16867K, capacity 18372K, committed 18448K, reserved 1048576K
}
Event: 302.736 GC heap before
{Heap before GC invocations=108 (full 0):
 garbage-first heap   total 516096K, used 412160K [0x0000000080000000, 0x0000000100000000)
  region size 1024K, 182 young (186368K), 27 survivors (27648K)
 Metaspace       used 135763K, capacity 139769K, committed 139952K, reserved 1171456K
  class space    used 16867K, capacity 18372K, committed 18448K, reserved 1048576K
}
Event: 302.843 GC heap after
{Heap after GC invocations=109 (full 0):
 garbage-first heap   total 516096K, used 273920K [0x0000000080000000, 0x0000000100000000)
  region size 1024K, 20 young (20480K), 20 survivors (20480K)
 Metaspace       used 135763K, capacity 139769K, committed 139952K, reserved 1171456K
  class space    used 16867K, capacity 18372K, committed 18448K, reserved 1048576K
}
Event: 303.789 GC heap before
{Heap before GC invocations=109 (full 0):
 garbage-first heap   total 516096K, used 416256K [0x0000000080000000, 0x0000000100000000)
  region size 1024K, 159 young (162816K), 20 survivors (20480K)
 Metaspace       used 135773K, capacity 139770K, committed 139952K, reserved 1171456K
  class space    used 16867K, capacity 18372K, committed 18448K, reserved 1048576K
}
Event: 303.856 GC heap after
{Heap after GC invocations=110 (full 0):
 garbage-first heap   total 516096K, used 282624K [0x0000000080000000, 0x0000000100000000)
  region size 1024K, 9 young (9216K), 9 survivors (9216K)
 Metaspace       used 135773K, capacity 139770K, committed 139952K, reserved 1171456K
  class space    used 16867K, capacity 18372K, committed 18448K, reserved 1048576K
}

